<?xml version="1.0" encoding="UTF-8"?>
<testsuite xmlns:xsi="http://www.w3.org/2001/XMLSchema-instance" xsi:noNamespaceSchemaLocation="https://maven.apache.org/surefire/maven-surefire-plugin/xsd/surefire-test-report-3.0.xsd" version="3.0" name="TestSuite" time="109.347" tests="3" errors="0" skipped="0" failures="0">
  <properties>
    <property name="java.specification.version" value="17"/>
    <property name="sun.cpu.isalist" value="amd64"/>
    <property name="sun.jnu.encoding" value="Cp1252"/>
    <property name="java.class.path" value="C:\Users\YOGESH\Desktop\javaworkspace\FrameworkDesign\target\test-classes;C:\Users\YOGESH\Desktop\javaworkspace\FrameworkDesign\target\classes;C:\Users\YOGESH\.m2\repository\org\seleniumhq\selenium\selenium-java\4.7.0\selenium-java-4.7.0.jar;C:\Users\YOGESH\.m2\repository\org\seleniumhq\selenium\selenium-api\4.7.0\selenium-api-4.7.0.jar;C:\Users\YOGESH\.m2\repository\org\seleniumhq\selenium\selenium-chrome-driver\4.7.0\selenium-chrome-driver-4.7.0.jar;C:\Users\YOGESH\.m2\repository\com\google\auto\service\auto-service-annotations\1.0.1\auto-service-annotations-1.0.1.jar;C:\Users\YOGESH\.m2\repository\com\google\auto\service\auto-service\1.0.1\auto-service-1.0.1.jar;C:\Users\YOGESH\.m2\repository\com\google\auto\auto-common\1.2\auto-common-1.2.jar;C:\Users\YOGESH\.m2\repository\com\google\guava\guava\31.1-jre\guava-31.1-jre.jar;C:\Users\YOGESH\.m2\repository\com\google\guava\failureaccess\1.0.1\failureaccess-1.0.1.jar;C:\Users\YOGESH\.m2\repository\com\google\guava\listenablefuture\9999.0-empty-to-avoid-conflict-with-guava\listenablefuture-9999.0-empty-to-avoid-conflict-with-guava.jar;C:\Users\YOGESH\.m2\repository\org\checkerframework\checker-qual\3.12.0\checker-qual-3.12.0.jar;C:\Users\YOGESH\.m2\repository\com\google\errorprone\error_prone_annotations\2.11.0\error_prone_annotations-2.11.0.jar;C:\Users\YOGESH\.m2\repository\com\google\j2objc\j2objc-annotations\1.3\j2objc-annotations-1.3.jar;C:\Users\YOGESH\.m2\repository\org\seleniumhq\selenium\selenium-chromium-driver\4.7.0\selenium-chromium-driver-4.7.0.jar;C:\Users\YOGESH\.m2\repository\org\seleniumhq\selenium\selenium-json\4.7.0\selenium-json-4.7.0.jar;C:\Users\YOGESH\.m2\repository\org\seleniumhq\selenium\selenium-devtools-v106\4.7.0\selenium-devtools-v106-4.7.0.jar;C:\Users\YOGESH\.m2\repository\org\seleniumhq\selenium\selenium-devtools-v107\4.7.0\selenium-devtools-v107-4.7.0.jar;C:\Users\YOGESH\.m2\repository\org\seleniumhq\selenium\selenium-devtools-v108\4.7.0\selenium-devtools-v108-4.7.0.jar;C:\Users\YOGESH\.m2\repository\org\seleniumhq\selenium\selenium-devtools-v85\4.7.0\selenium-devtools-v85-4.7.0.jar;C:\Users\YOGESH\.m2\repository\org\seleniumhq\selenium\selenium-edge-driver\4.7.0\selenium-edge-driver-4.7.0.jar;C:\Users\YOGESH\.m2\repository\org\seleniumhq\selenium\selenium-firefox-driver\4.7.0\selenium-firefox-driver-4.7.0.jar;C:\Users\YOGESH\.m2\repository\org\seleniumhq\selenium\selenium-ie-driver\4.7.0\selenium-ie-driver-4.7.0.jar;C:\Users\YOGESH\.m2\repository\org\seleniumhq\selenium\selenium-remote-driver\4.7.0\selenium-remote-driver-4.7.0.jar;C:\Users\YOGESH\.m2\repository\io\netty\netty-buffer\4.1.84.Final\netty-buffer-4.1.84.Final.jar;C:\Users\YOGESH\.m2\repository\io\netty\netty-codec-http\4.1.84.Final\netty-codec-http-4.1.84.Final.jar;C:\Users\YOGESH\.m2\repository\io\netty\netty-codec\4.1.84.Final\netty-codec-4.1.84.Final.jar;C:\Users\YOGESH\.m2\repository\io\netty\netty-handler\4.1.84.Final\netty-handler-4.1.84.Final.jar;C:\Users\YOGESH\.m2\repository\io\netty\netty-common\4.1.84.Final\netty-common-4.1.84.Final.jar;C:\Users\YOGESH\.m2\repository\io\netty\netty-transport-classes-epoll\4.1.84.Final\netty-transport-classes-epoll-4.1.84.Final.jar;C:\Users\YOGESH\.m2\repository\io\netty\netty-transport-classes-kqueue\4.1.84.Final\netty-transport-classes-kqueue-4.1.84.Final.jar;C:\Users\YOGESH\.m2\repository\io\netty\netty-transport-native-epoll\4.1.84.Final\netty-transport-native-epoll-4.1.84.Final.jar;C:\Users\YOGESH\.m2\repository\io\netty\netty-transport-native-kqueue\4.1.84.Final\netty-transport-native-kqueue-4.1.84.Final.jar;C:\Users\YOGESH\.m2\repository\io\netty\netty-transport-native-unix-common\4.1.84.Final\netty-transport-native-unix-common-4.1.84.Final.jar;C:\Users\YOGESH\.m2\repository\io\netty\netty-transport\4.1.84.Final\netty-transport-4.1.84.Final.jar;C:\Users\YOGESH\.m2\repository\io\netty\netty-resolver\4.1.84.Final\netty-resolver-4.1.84.Final.jar;C:\Users\YOGESH\.m2\repository\io\opentelemetry\opentelemetry-api\1.19.0\opentelemetry-api-1.19.0.jar;C:\Users\YOGESH\.m2\repository\io\opentelemetry\opentelemetry-context\1.19.0\opentelemetry-context-1.19.0.jar;C:\Users\YOGESH\.m2\repository\io\opentelemetry\opentelemetry-exporter-logging\1.19.0\opentelemetry-exporter-logging-1.19.0.jar;C:\Users\YOGESH\.m2\repository\io\opentelemetry\opentelemetry-sdk-metrics\1.19.0\opentelemetry-sdk-metrics-1.19.0.jar;C:\Users\YOGESH\.m2\repository\io\opentelemetry\opentelemetry-sdk-logs\1.19.0-alpha\opentelemetry-sdk-logs-1.19.0-alpha.jar;C:\Users\YOGESH\.m2\repository\io\opentelemetry\opentelemetry-api-logs\1.19.0-alpha\opentelemetry-api-logs-1.19.0-alpha.jar;C:\Users\YOGESH\.m2\repository\io\opentelemetry\opentelemetry-sdk-common\1.19.0\opentelemetry-sdk-common-1.19.0.jar;C:\Users\YOGESH\.m2\repository\io\opentelemetry\opentelemetry-sdk-extension-autoconfigure-spi\1.19.0\opentelemetry-sdk-extension-autoconfigure-spi-1.19.0.jar;C:\Users\YOGESH\.m2\repository\io\opentelemetry\opentelemetry-sdk-extension-autoconfigure\1.19.0-alpha\opentelemetry-sdk-extension-autoconfigure-1.19.0-alpha.jar;C:\Users\YOGESH\.m2\repository\io\opentelemetry\opentelemetry-exporter-common\1.19.0\opentelemetry-exporter-common-1.19.0.jar;C:\Users\YOGESH\.m2\repository\io\opentelemetry\opentelemetry-sdk-trace\1.19.0\opentelemetry-sdk-trace-1.19.0.jar;C:\Users\YOGESH\.m2\repository\io\opentelemetry\opentelemetry-sdk\1.19.0\opentelemetry-sdk-1.19.0.jar;C:\Users\YOGESH\.m2\repository\io\opentelemetry\opentelemetry-semconv\1.19.0-alpha\opentelemetry-semconv-1.19.0-alpha.jar;C:\Users\YOGESH\.m2\repository\io\ous\jtoml\2.0.0\jtoml-2.0.0.jar;C:\Users\YOGESH\.m2\repository\net\bytebuddy\byte-buddy\1.12.18\byte-buddy-1.12.18.jar;C:\Users\YOGESH\.m2\repository\org\apache\commons\commons-exec\1.3\commons-exec-1.3.jar;C:\Users\YOGESH\.m2\repository\org\asynchttpclient\async-http-client\2.12.3\async-http-client-2.12.3.jar;C:\Users\YOGESH\.m2\repository\org\asynchttpclient\async-http-client-netty-utils\2.12.3\async-http-client-netty-utils-2.12.3.jar;C:\Users\YOGESH\.m2\repository\io\netty\netty-codec-socks\4.1.60.Final\netty-codec-socks-4.1.60.Final.jar;C:\Users\YOGESH\.m2\repository\io\netty\netty-handler-proxy\4.1.60.Final\netty-handler-proxy-4.1.60.Final.jar;C:\Users\YOGESH\.m2\repository\io\netty\netty-transport-native-epoll\4.1.60.Final\netty-transport-native-epoll-4.1.60.Final-linux-x86_64.jar;C:\Users\YOGESH\.m2\repository\io\netty\netty-transport-native-kqueue\4.1.60.Final\netty-transport-native-kqueue-4.1.60.Final-osx-x86_64.jar;C:\Users\YOGESH\.m2\repository\org\reactivestreams\reactive-streams\1.0.3\reactive-streams-1.0.3.jar;C:\Users\YOGESH\.m2\repository\com\typesafe\netty\netty-reactive-streams\2.0.4\netty-reactive-streams-2.0.4.jar;C:\Users\YOGESH\.m2\repository\com\sun\activation\jakarta.activation\1.2.2\jakarta.activation-1.2.2.jar;C:\Users\YOGESH\.m2\repository\org\seleniumhq\selenium\selenium-http\4.7.0\selenium-http-4.7.0.jar;C:\Users\YOGESH\.m2\repository\dev\failsafe\failsafe\3.3.0\failsafe-3.3.0.jar;C:\Users\YOGESH\.m2\repository\org\seleniumhq\selenium\selenium-manager\4.7.0\selenium-manager-4.7.0.jar;C:\Users\YOGESH\.m2\repository\org\seleniumhq\selenium\selenium-safari-driver\4.7.0\selenium-safari-driver-4.7.0.jar;C:\Users\YOGESH\.m2\repository\org\seleniumhq\selenium\selenium-support\4.7.0\selenium-support-4.7.0.jar;C:\Users\YOGESH\.m2\repository\org\testng\testng\7.5\testng-7.5.jar;C:\Users\YOGESH\.m2\repository\com\google\code\findbugs\jsr305\3.0.1\jsr305-3.0.1.jar;C:\Users\YOGESH\.m2\repository\org\slf4j\slf4j-api\1.7.32\slf4j-api-1.7.32.jar;C:\Users\YOGESH\.m2\repository\com\beust\jcommander\1.78\jcommander-1.78.jar;C:\Users\YOGESH\.m2\repository\org\webjars\jquery\3.5.1\jquery-3.5.1.jar;C:\Users\YOGESH\.m2\repository\org\apache\poi\poi\5.2.3\poi-5.2.3.jar;C:\Users\YOGESH\.m2\repository\commons-codec\commons-codec\1.15\commons-codec-1.15.jar;C:\Users\YOGESH\.m2\repository\org\apache\commons\commons-collections4\4.4\commons-collections4-4.4.jar;C:\Users\YOGESH\.m2\repository\org\apache\commons\commons-math3\3.6.1\commons-math3-3.6.1.jar;C:\Users\YOGESH\.m2\repository\commons-io\commons-io\2.11.0\commons-io-2.11.0.jar;C:\Users\YOGESH\.m2\repository\com\zaxxer\SparseBitSet\1.2\SparseBitSet-1.2.jar;C:\Users\YOGESH\.m2\repository\org\apache\logging\log4j\log4j-api\2.18.0\log4j-api-2.18.0.jar;C:\Users\YOGESH\.m2\repository\org\apache\poi\poi-ooxml\5.2.3\poi-ooxml-5.2.3.jar;C:\Users\YOGESH\.m2\repository\org\apache\poi\poi-ooxml-lite\5.2.3\poi-ooxml-lite-5.2.3.jar;C:\Users\YOGESH\.m2\repository\org\apache\xmlbeans\xmlbeans\5.1.1\xmlbeans-5.1.1.jar;C:\Users\YOGESH\.m2\repository\org\apache\commons\commons-compress\1.21\commons-compress-1.21.jar;C:\Users\YOGESH\.m2\repository\com\github\virtuald\curvesapi\1.07\curvesapi-1.07.jar;"/>
    <property name="java.vm.vendor" value="Eclipse Adoptium"/>
    <property name="sun.arch.data.model" value="64"/>
    <property name="user.variant" value=""/>
    <property name="java.vendor.url" value="https://adoptium.net/"/>
    <property name="user.timezone" value="Asia/Calcutta"/>
    <property name="os.name" value="Windows 11"/>
    <property name="java.vm.specification.version" value="17"/>
    <property name="sun.java.launcher" value="SUN_STANDARD"/>
    <property name="user.country" value="IN"/>
    <property name="sun.boot.library.path" value="C:\Users\YOGESH\.p2\pool\plugins\org.eclipse.justj.openjdk.hotspot.jre.full.win32.x86_64_17.0.5.v20221102-0933\jre\bin"/>
    <property name="sun.java.command" value="C:\Users\YOGESH\AppData\Local\Temp\surefire14696464977476931623\surefirebooter-20230203144549428_3.jar C:\Users\YOGESH\AppData\Local\Temp\surefire14696464977476931623 2023-02-03T14-45-49_139-jvmRun1 surefire-20230203144549428_1tmp surefire_0-20230203144549428_2tmp"/>
    <property name="jdk.debug" value="release"/>
    <property name="surefire.test.class.path" value="C:\Users\YOGESH\Desktop\javaworkspace\FrameworkDesign\target\test-classes;C:\Users\YOGESH\Desktop\javaworkspace\FrameworkDesign\target\classes;C:\Users\YOGESH\.m2\repository\org\seleniumhq\selenium\selenium-java\4.7.0\selenium-java-4.7.0.jar;C:\Users\YOGESH\.m2\repository\org\seleniumhq\selenium\selenium-api\4.7.0\selenium-api-4.7.0.jar;C:\Users\YOGESH\.m2\repository\org\seleniumhq\selenium\selenium-chrome-driver\4.7.0\selenium-chrome-driver-4.7.0.jar;C:\Users\YOGESH\.m2\repository\com\google\auto\service\auto-service-annotations\1.0.1\auto-service-annotations-1.0.1.jar;C:\Users\YOGESH\.m2\repository\com\google\auto\service\auto-service\1.0.1\auto-service-1.0.1.jar;C:\Users\YOGESH\.m2\repository\com\google\auto\auto-common\1.2\auto-common-1.2.jar;C:\Users\YOGESH\.m2\repository\com\google\guava\guava\31.1-jre\guava-31.1-jre.jar;C:\Users\YOGESH\.m2\repository\com\google\guava\failureaccess\1.0.1\failureaccess-1.0.1.jar;C:\Users\YOGESH\.m2\repository\com\google\guava\listenablefuture\9999.0-empty-to-avoid-conflict-with-guava\listenablefuture-9999.0-empty-to-avoid-conflict-with-guava.jar;C:\Users\YOGESH\.m2\repository\org\checkerframework\checker-qual\3.12.0\checker-qual-3.12.0.jar;C:\Users\YOGESH\.m2\repository\com\google\errorprone\error_prone_annotations\2.11.0\error_prone_annotations-2.11.0.jar;C:\Users\YOGESH\.m2\repository\com\google\j2objc\j2objc-annotations\1.3\j2objc-annotations-1.3.jar;C:\Users\YOGESH\.m2\repository\org\seleniumhq\selenium\selenium-chromium-driver\4.7.0\selenium-chromium-driver-4.7.0.jar;C:\Users\YOGESH\.m2\repository\org\seleniumhq\selenium\selenium-json\4.7.0\selenium-json-4.7.0.jar;C:\Users\YOGESH\.m2\repository\org\seleniumhq\selenium\selenium-devtools-v106\4.7.0\selenium-devtools-v106-4.7.0.jar;C:\Users\YOGESH\.m2\repository\org\seleniumhq\selenium\selenium-devtools-v107\4.7.0\selenium-devtools-v107-4.7.0.jar;C:\Users\YOGESH\.m2\repository\org\seleniumhq\selenium\selenium-devtools-v108\4.7.0\selenium-devtools-v108-4.7.0.jar;C:\Users\YOGESH\.m2\repository\org\seleniumhq\selenium\selenium-devtools-v85\4.7.0\selenium-devtools-v85-4.7.0.jar;C:\Users\YOGESH\.m2\repository\org\seleniumhq\selenium\selenium-edge-driver\4.7.0\selenium-edge-driver-4.7.0.jar;C:\Users\YOGESH\.m2\repository\org\seleniumhq\selenium\selenium-firefox-driver\4.7.0\selenium-firefox-driver-4.7.0.jar;C:\Users\YOGESH\.m2\repository\org\seleniumhq\selenium\selenium-ie-driver\4.7.0\selenium-ie-driver-4.7.0.jar;C:\Users\YOGESH\.m2\repository\org\seleniumhq\selenium\selenium-remote-driver\4.7.0\selenium-remote-driver-4.7.0.jar;C:\Users\YOGESH\.m2\repository\io\netty\netty-buffer\4.1.84.Final\netty-buffer-4.1.84.Final.jar;C:\Users\YOGESH\.m2\repository\io\netty\netty-codec-http\4.1.84.Final\netty-codec-http-4.1.84.Final.jar;C:\Users\YOGESH\.m2\repository\io\netty\netty-codec\4.1.84.Final\netty-codec-4.1.84.Final.jar;C:\Users\YOGESH\.m2\repository\io\netty\netty-handler\4.1.84.Final\netty-handler-4.1.84.Final.jar;C:\Users\YOGESH\.m2\repository\io\netty\netty-common\4.1.84.Final\netty-common-4.1.84.Final.jar;C:\Users\YOGESH\.m2\repository\io\netty\netty-transport-classes-epoll\4.1.84.Final\netty-transport-classes-epoll-4.1.84.Final.jar;C:\Users\YOGESH\.m2\repository\io\netty\netty-transport-classes-kqueue\4.1.84.Final\netty-transport-classes-kqueue-4.1.84.Final.jar;C:\Users\YOGESH\.m2\repository\io\netty\netty-transport-native-epoll\4.1.84.Final\netty-transport-native-epoll-4.1.84.Final.jar;C:\Users\YOGESH\.m2\repository\io\netty\netty-transport-native-kqueue\4.1.84.Final\netty-transport-native-kqueue-4.1.84.Final.jar;C:\Users\YOGESH\.m2\repository\io\netty\netty-transport-native-unix-common\4.1.84.Final\netty-transport-native-unix-common-4.1.84.Final.jar;C:\Users\YOGESH\.m2\repository\io\netty\netty-transport\4.1.84.Final\netty-transport-4.1.84.Final.jar;C:\Users\YOGESH\.m2\repository\io\netty\netty-resolver\4.1.84.Final\netty-resolver-4.1.84.Final.jar;C:\Users\YOGESH\.m2\repository\io\opentelemetry\opentelemetry-api\1.19.0\opentelemetry-api-1.19.0.jar;C:\Users\YOGESH\.m2\repository\io\opentelemetry\opentelemetry-context\1.19.0\opentelemetry-context-1.19.0.jar;C:\Users\YOGESH\.m2\repository\io\opentelemetry\opentelemetry-exporter-logging\1.19.0\opentelemetry-exporter-logging-1.19.0.jar;C:\Users\YOGESH\.m2\repository\io\opentelemetry\opentelemetry-sdk-metrics\1.19.0\opentelemetry-sdk-metrics-1.19.0.jar;C:\Users\YOGESH\.m2\repository\io\opentelemetry\opentelemetry-sdk-logs\1.19.0-alpha\opentelemetry-sdk-logs-1.19.0-alpha.jar;C:\Users\YOGESH\.m2\repository\io\opentelemetry\opentelemetry-api-logs\1.19.0-alpha\opentelemetry-api-logs-1.19.0-alpha.jar;C:\Users\YOGESH\.m2\repository\io\opentelemetry\opentelemetry-sdk-common\1.19.0\opentelemetry-sdk-common-1.19.0.jar;C:\Users\YOGESH\.m2\repository\io\opentelemetry\opentelemetry-sdk-extension-autoconfigure-spi\1.19.0\opentelemetry-sdk-extension-autoconfigure-spi-1.19.0.jar;C:\Users\YOGESH\.m2\repository\io\opentelemetry\opentelemetry-sdk-extension-autoconfigure\1.19.0-alpha\opentelemetry-sdk-extension-autoconfigure-1.19.0-alpha.jar;C:\Users\YOGESH\.m2\repository\io\opentelemetry\opentelemetry-exporter-common\1.19.0\opentelemetry-exporter-common-1.19.0.jar;C:\Users\YOGESH\.m2\repository\io\opentelemetry\opentelemetry-sdk-trace\1.19.0\opentelemetry-sdk-trace-1.19.0.jar;C:\Users\YOGESH\.m2\repository\io\opentelemetry\opentelemetry-sdk\1.19.0\opentelemetry-sdk-1.19.0.jar;C:\Users\YOGESH\.m2\repository\io\opentelemetry\opentelemetry-semconv\1.19.0-alpha\opentelemetry-semconv-1.19.0-alpha.jar;C:\Users\YOGESH\.m2\repository\io\ous\jtoml\2.0.0\jtoml-2.0.0.jar;C:\Users\YOGESH\.m2\repository\net\bytebuddy\byte-buddy\1.12.18\byte-buddy-1.12.18.jar;C:\Users\YOGESH\.m2\repository\org\apache\commons\commons-exec\1.3\commons-exec-1.3.jar;C:\Users\YOGESH\.m2\repository\org\asynchttpclient\async-http-client\2.12.3\async-http-client-2.12.3.jar;C:\Users\YOGESH\.m2\repository\org\asynchttpclient\async-http-client-netty-utils\2.12.3\async-http-client-netty-utils-2.12.3.jar;C:\Users\YOGESH\.m2\repository\io\netty\netty-codec-socks\4.1.60.Final\netty-codec-socks-4.1.60.Final.jar;C:\Users\YOGESH\.m2\repository\io\netty\netty-handler-proxy\4.1.60.Final\netty-handler-proxy-4.1.60.Final.jar;C:\Users\YOGESH\.m2\repository\io\netty\netty-transport-native-epoll\4.1.60.Final\netty-transport-native-epoll-4.1.60.Final-linux-x86_64.jar;C:\Users\YOGESH\.m2\repository\io\netty\netty-transport-native-kqueue\4.1.60.Final\netty-transport-native-kqueue-4.1.60.Final-osx-x86_64.jar;C:\Users\YOGESH\.m2\repository\org\reactivestreams\reactive-streams\1.0.3\reactive-streams-1.0.3.jar;C:\Users\YOGESH\.m2\repository\com\typesafe\netty\netty-reactive-streams\2.0.4\netty-reactive-streams-2.0.4.jar;C:\Users\YOGESH\.m2\repository\com\sun\activation\jakarta.activation\1.2.2\jakarta.activation-1.2.2.jar;C:\Users\YOGESH\.m2\repository\org\seleniumhq\selenium\selenium-http\4.7.0\selenium-http-4.7.0.jar;C:\Users\YOGESH\.m2\repository\dev\failsafe\failsafe\3.3.0\failsafe-3.3.0.jar;C:\Users\YOGESH\.m2\repository\org\seleniumhq\selenium\selenium-manager\4.7.0\selenium-manager-4.7.0.jar;C:\Users\YOGESH\.m2\repository\org\seleniumhq\selenium\selenium-safari-driver\4.7.0\selenium-safari-driver-4.7.0.jar;C:\Users\YOGESH\.m2\repository\org\seleniumhq\selenium\selenium-support\4.7.0\selenium-support-4.7.0.jar;C:\Users\YOGESH\.m2\repository\org\testng\testng\7.5\testng-7.5.jar;C:\Users\YOGESH\.m2\repository\com\google\code\findbugs\jsr305\3.0.1\jsr305-3.0.1.jar;C:\Users\YOGESH\.m2\repository\org\slf4j\slf4j-api\1.7.32\slf4j-api-1.7.32.jar;C:\Users\YOGESH\.m2\repository\com\beust\jcommander\1.78\jcommander-1.78.jar;C:\Users\YOGESH\.m2\repository\org\webjars\jquery\3.5.1\jquery-3.5.1.jar;C:\Users\YOGESH\.m2\repository\org\apache\poi\poi\5.2.3\poi-5.2.3.jar;C:\Users\YOGESH\.m2\repository\commons-codec\commons-codec\1.15\commons-codec-1.15.jar;C:\Users\YOGESH\.m2\repository\org\apache\commons\commons-collections4\4.4\commons-collections4-4.4.jar;C:\Users\YOGESH\.m2\repository\org\apache\commons\commons-math3\3.6.1\commons-math3-3.6.1.jar;C:\Users\YOGESH\.m2\repository\commons-io\commons-io\2.11.0\commons-io-2.11.0.jar;C:\Users\YOGESH\.m2\repository\com\zaxxer\SparseBitSet\1.2\SparseBitSet-1.2.jar;C:\Users\YOGESH\.m2\repository\org\apache\logging\log4j\log4j-api\2.18.0\log4j-api-2.18.0.jar;C:\Users\YOGESH\.m2\repository\org\apache\poi\poi-ooxml\5.2.3\poi-ooxml-5.2.3.jar;C:\Users\YOGESH\.m2\repository\org\apache\poi\poi-ooxml-lite\5.2.3\poi-ooxml-lite-5.2.3.jar;C:\Users\YOGESH\.m2\repository\org\apache\xmlbeans\xmlbeans\5.1.1\xmlbeans-5.1.1.jar;C:\Users\YOGESH\.m2\repository\org\apache\commons\commons-compress\1.21\commons-compress-1.21.jar;C:\Users\YOGESH\.m2\repository\com\github\virtuald\curvesapi\1.07\curvesapi-1.07.jar;"/>
    <property name="sun.cpu.endian" value="little"/>
    <property name="user.home" value="C:\Users\YOGESH"/>
    <property name="user.language" value="en"/>
    <property name="java.specification.vendor" value="Oracle Corporation"/>
    <property name="java.version.date" value="2022-10-18"/>
    <property name="java.home" value="C:\Users\YOGESH\.p2\pool\plugins\org.eclipse.justj.openjdk.hotspot.jre.full.win32.x86_64_17.0.5.v20221102-0933\jre"/>
    <property name="file.separator" value="\"/>
    <property name="style.color" value="always"/>
    <property name="basedir" value="C:\Users\YOGESH\Desktop\javaworkspace\FrameworkDesign"/>
    <property name="java.vm.compressedOopsMode" value="32-bit"/>
    <property name="line.separator" value="&#10;"/>
    <property name="java.vm.specification.vendor" value="Oracle Corporation"/>
    <property name="java.specification.name" value="Java Platform API Specification"/>
    <property name="surefire.real.class.path" value="C:\Users\YOGESH\AppData\Local\Temp\surefire14696464977476931623\surefirebooter-20230203144549428_3.jar"/>
    <property name="user.script" value=""/>
    <property name="sun.management.compiler" value="HotSpot 64-Bit Tiered Compilers"/>
    <property name="java.runtime.version" value="17.0.5+8"/>
    <property name="user.name" value="YOGESH"/>
    <property name="path.separator" value=";"/>
    <property name="os.version" value="10.0"/>
    <property name="java.runtime.name" value="OpenJDK Runtime Environment"/>
    <property name="file.encoding" value="Cp1252"/>
    <property name="java.vm.name" value="OpenJDK 64-Bit Server VM"/>
    <property name="java.vendor.version" value="Temurin-17.0.5+8"/>
    <property name="localRepository" value="C:\Users\YOGESH\.m2\repository"/>
    <property name="java.vendor.url.bug" value="https://github.com/adoptium/adoptium-support/issues"/>
    <property name="java.io.tmpdir" value="C:\Users\YOGESH\AppData\Local\Temp\"/>
    <property name="java.version" value="17.0.5"/>
    <property name="user.dir" value="C:\Users\YOGESH\Desktop\javaworkspace\FrameworkDesign"/>
    <property name="os.arch" value="amd64"/>
    <property name="java.vm.specification.name" value="Java Virtual Machine Specification"/>
    <property name="sun.os.patch.level" value=""/>
    <property name="native.encoding" value="Cp1252"/>
    <property name="java.library.path" value="C:\Users\YOGESH\.p2\pool\plugins\org.eclipse.justj.openjdk.hotspot.jre.full.win32.x86_64_17.0.5.v20221102-0933\jre\bin;C:\Windows\Sun\Java\bin;C:\Windows\system32;C:\Windows;C:/Users/YOGESH/.p2/pool/plugins/org.eclipse.justj.openjdk.hotspot.jre.full.win32.x86_64_17.0.5.v20221102-0933/jre/bin/server;C:/Users/YOGESH/.p2/pool/plugins/org.eclipse.justj.openjdk.hotspot.jre.full.win32.x86_64_17.0.5.v20221102-0933/jre/bin;C:\Program Files (x86)\Common Files\Oracle\Java\javapath;C:\Windows\system32;C:\Windows;C:\Windows\System32\Wbem;C:\Windows\System32\WindowsPowerShell\v1.0\;C:\Windows\System32\OpenSSH\;C:\Program Files\Java\jdk1.8.0_202\bin;C:\Users\YOGESH\AppData\Local\Microsoft\WindowsApps;;C:\Users\YOGESH\Desktop;;."/>
    <property name="java.vm.info" value="mixed mode"/>
    <property name="java.vendor" value="Eclipse Adoptium"/>
    <property name="java.vm.version" value="17.0.5+8"/>
    <property name="sun.io.unicode.encoding" value="UnicodeLittle"/>
    <property name="java.class.version" value="61.0"/>
  </properties>
  <testcase name="verifytitle" classname="com.swaglabs.Test.OrderDescriptionPageTest" time="0.009">
    <system-out><![CDATA[product added to cart
first name,last name and zip code has entered!
title is matching
]]></system-out>
    <system-err><![CDATA[SLF4J: Failed to load class "org.slf4j.impl.StaticLoggerBinder".
SLF4J: Defaulting to no-operation (NOP) logger implementation
SLF4J: See http://www.slf4j.org/codes.html#StaticLoggerBinder for further details.
ERROR StatusLogger Log4j2 could not find a logging implementation. Please add log4j-core to the classpath. Using SimpleLogger to log to the console...
Starting Microsoft Edge WebDriver 109.0.1518.70 (f787d2c3a4185501adc55d95d53ce7cf872db7c3) on port 5529
To submit feedback, report a bug, or suggest new features, please visit https://github.com/MicrosoftEdge/EdgeWebDriver

Only local connections are allowed.
Please see https://aka.ms/WebDriverSecurity for suggestions on keeping Microsoft Edge WebDriver safe.

Microsoft Edge WebDriver was started successfully.
Feb 03, 2023 2:45:57 PM org.openqa.selenium.devtools.CdpVersionFinder findNearestMatch
WARNING: Unable to find an exact match for CDP version 109, so returning the closest version found: 108
]]></system-err>
  </testcase>
  <testcase name="verifycurrenturl" classname="com.swaglabs.Test.OrderDescriptionPageTest" time="0.014">
    <system-out><![CDATA[url is matching
]]></system-out>
  </testcase>
  <testcase name="verifyorder" classname="com.swaglabs.Test.OrderDescriptionPageTest" time="0.137">
    <system-out><![CDATA[***********product overview**********
QTYDESCRIPTION
1
Sauce Labs Backpack
carry.allTheThings() with the sleek, streamlined Sly Pack that melds uncompromising style with unequaled laptop and tablet protection.
$29.99
Payment Information:
SauceCard #31337
Shipping Information:
FREE PONY EXPRESS DELIVERY!
Item total: $29.99
Tax: $2.40
Total: $32.39
CANCEL
FINISH
THANK YOU FOR YOUR ORDER
]]></system-out>
  </testcase>
</testsuite>