<?xml version="1.0" encoding="UTF-8"?>
<!-- Generated by org.testng.reporters.JUnitReportReporter -->
<testsuite hostname="LAPTOP-K6QSA59L" failures="0" tests="3" name="datadriventest.Datadrivenwitharraydemo1" time="0.018" errors="0" timestamp="2023-01-28T19:44:39 IST" skipped="0">
  <testcase classname="datadriventest.Datadrivenwitharraydemo1" name="verifydata" time="0.013"/>
  <system-out/>
  <testcase classname="datadriventest.Datadrivenwitharraydemo1" name="verifydata" time="0.002"/>
  <system-out/>
  <testcase classname="datadriventest.Datadrivenwitharraydemo1" name="verifydata" time="0.003"/>
  <system-out/>
</testsuite> <!-- datadriventest.Datadrivenwitharraydemo1 -->
