<?xml version="1.0" encoding="UTF-8"?>
<!-- Generated by org.testng.reporters.JUnitReportReporter -->
<testsuite hostname="LAPTOP-K6QSA59L" failures="0" tests="3" name="com.swaglabs.Test.OrderDescriptionPageTest" time="0.120" errors="0" timestamp="2023-01-31T13:58:11 IST" skipped="0">
  <testcase classname="com.swaglabs.Test.OrderDescriptionPageTest" name="verifytitle" time="0.012"/>
  <system-out/>
  <testcase classname="com.swaglabs.Test.OrderDescriptionPageTest" name="verifycurrenturl" time="0.008"/>
  <system-out/>
  <testcase classname="com.swaglabs.Test.OrderDescriptionPageTest" name="verifyorder" time="0.100"/>
  <system-out/>
</testsuite> <!-- com.swaglabs.Test.OrderDescriptionPageTest -->
