<?xml version="1.0" encoding="UTF-8"?>
<!-- Generated by org.testng.reporters.JUnitReportReporter -->
<testsuite hostname="LAPTOP-K6QSA59L" failures="0" tests="3" name="com.swaglabs.Test.ProductPageTest" time="0.250" errors="0" timestamp="2023-01-25T14:37:45 IST" skipped="0">
  <testcase classname="com.swaglabs.Test.ProductPageTest" name="verifyproductcount" time="0.021"/>
  <system-out/>
  <testcase classname="com.swaglabs.Test.ProductPageTest" name="verifyproductlist" time="0.070"/>
  <system-out/>
  <testcase classname="com.swaglabs.Test.ProductPageTest" name="verifyproductaddedtocart" time="0.159"/>
  <system-out/>
</testsuite> <!-- com.swaglabs.Test.ProductPageTest -->
