<?xml version="1.0" encoding="UTF-8"?>
<!-- Generated by org.testng.reporters.JUnitReportReporter -->
<testsuite hostname="LAPTOP-K6QSA59L" failures="0" tests="3" name="com.swaglabs.Test.LoginPageTest" time="0.226" errors="0" timestamp="2023-01-24T20:50:26 IST" skipped="0">
  <testcase classname="com.swaglabs.Test.LoginPageTest" name="verifycurrenturl" time="0.010"/>
  <system-out/>
  <testcase classname="com.swaglabs.Test.LoginPageTest" name="verifylogin" time="0.208"/>
  <system-out/>
  <testcase classname="com.swaglabs.Test.LoginPageTest" name="verifypagetitle" time="0.008"/>
  <system-out/>
</testsuite> <!-- com.swaglabs.Test.LoginPageTest -->
