<?xml version="1.0" encoding="UTF-8"?>
<!-- Generated by org.testng.reporters.JUnitReportReporter -->
<testsuite hostname="LAPTOP-K6QSA59L" failures="0" tests="3" name="com.swaglabs.Test.AddToCartPageTest" time="0.110" errors="0" timestamp="2023-01-25T20:10:23 IST" skipped="2">
  <testcase classname="com.swaglabs.Test.AddToCartPageTest" name="verifycheckout" time="0.110"/>
  <system-out/>
  <testcase classname="com.swaglabs.Test.AddToCartPageTest" name="verifyremoveproduct">
    <skipped/>
  </testcase> <!-- verifyremoveproduct -->
  <system-out/>
  <testcase classname="com.swaglabs.Test.AddToCartPageTest" name="verifyccontinueshopping">
    <skipped/>
  </testcase> <!-- verifyccontinueshopping -->
  <system-out/>
</testsuite> <!-- com.swaglabs.Test.AddToCartPageTest -->
