<?xml version="1.0" encoding="UTF-8"?>
<!-- Generated by org.testng.reporters.JUnitReportReporter -->
<testsuite hostname="LAPTOP-K6QSA59L" failures="0" tests="1" name="com.swaglabs.Test.CheckOutPageTest" time="0.272" errors="0" timestamp="2023-01-26T13:59:13 IST" skipped="0">
  <testcase classname="com.swaglabs.Test.CheckOutPageTest" name="verifycheckout" time="0.272"/>
  <system-out/>
</testsuite> <!-- com.swaglabs.Test.CheckOutPageTest -->
