<?xml version="1.0" encoding="UTF-8"?>
<!-- Generated by org.testng.reporters.JUnitReportReporter -->
<testsuite hostname="LAPTOP-K6QSA59L" failures="0" tests="3" name="com.swaglabs.Test.OrderDescriptionPageTest" time="0.160" errors="0" timestamp="2023-02-03T14:47:41 IST" skipped="0">
  <testcase classname="com.swaglabs.Test.OrderDescriptionPageTest" name="verifytitle" time="0.010"/>
  <system-out/>
  <testcase classname="com.swaglabs.Test.OrderDescriptionPageTest" name="verifycurrenturl" time="0.009"/>
  <system-out/>
  <testcase classname="com.swaglabs.Test.OrderDescriptionPageTest" name="verifyorder" time="0.141"/>
  <system-out/>
</testsuite> <!-- com.swaglabs.Test.OrderDescriptionPageTest -->
